[2020-10-28 10:01:51,604] [autoreload.py:612] [autoreload:run_with_reloader] [INFO]- Watching for file changes with StatReloader
[2020-10-28 10:02:35,952] [basehttp.py:157] [basehttp:log_message] [INFO]- "POST /upload_file HTTP/1.1" 200 184
[2020-10-28 10:02:57,315] [view.py:56] [view:get_predict_flow] [INFO]- [0df7bbcd-8f8c-494b-8d59-6c7ae89aef6e]:请求成功，任务开始启动
[2020-10-28 10:02:57,317] [basehttp.py:157] [basehttp:log_message] [INFO]- "POST /get_flow HTTP/1.1" 200 192
[2020-10-28 10:03:44,134] [autoreload.py:236] [autoreload:trigger_reload] [INFO]- /Users/fengdong/PycharmProjects/flowpredict000/flowpredict/flow_predict_interface/core/predict_min.py changed, reloading.
[2020-10-28 10:03:45,481] [autoreload.py:612] [autoreload:run_with_reloader] [INFO]- Watching for file changes with StatReloader
[2020-10-28 10:03:54,473] [autoreload.py:612] [autoreload:run_with_reloader] [INFO]- Watching for file changes with StatReloader
[2020-10-28 10:06:07,788] [autoreload.py:236] [autoreload:trigger_reload] [INFO]- /Users/fengdong/PycharmProjects/flowpredict000/flowpredict/flow_predict_interface/view.py changed, reloading.
[2020-10-28 10:06:10,135] [autoreload.py:612] [autoreload:run_with_reloader] [INFO]- Watching for file changes with StatReloader
[2020-10-28 10:07:11,660] [autoreload.py:236] [autoreload:trigger_reload] [INFO]- /Users/fengdong/PycharmProjects/flowpredict000/flowpredict/flow_predict_interface/view.py changed, reloading.
[2020-10-28 10:07:12,688] [autoreload.py:612] [autoreload:run_with_reloader] [INFO]- Watching for file changes with StatReloader
[2020-10-28 10:18:26,435] [autoreload.py:236] [autoreload:trigger_reload] [INFO]- /Users/fengdong/PycharmProjects/flowpredict000/flowpredict/flow_predict_interface/settings.py changed, reloading.
[2020-10-28 10:18:28,473] [autoreload.py:612] [autoreload:run_with_reloader] [INFO]- Watching for file changes with StatReloader
[2020-10-28 10:26:44,898] [autoreload.py:612] [autoreload:run_with_reloader] [INFO]- Watching for file changes with StatReloader
[2020-10-28 10:28:00,141] [autoreload.py:612] [autoreload:run_with_reloader] [INFO]- Watching for file changes with StatReloader
[2020-10-28 10:28:11,039] [log.py:230] [log:log_response] [ERROR]- Internal Server Error: /remove_file
Traceback (most recent call last):
  File "/Applications/anaconda3/lib/python3.6/site-packages/django/core/handlers/exception.py", line 47, in inner
    response = get_response(request)
  File "/Applications/anaconda3/lib/python3.6/site-packages/django/core/handlers/base.py", line 179, in _get_response
    response = wrapped_callback(request, *callback_args, **callback_kwargs)
  File "/Users/fengdong/PycharmProjects/flowpredict000/flowpredict/flow_predict_interface/view.py", line 272, in RemoveFile
    models_files = os.listdir(model_path)
FileNotFoundError: [Errno 2] No such file or directory: '/Users/fengdong/PycharmProjects/flowpredict000/flowpredict/static/upload/models'
[2020-10-28 10:28:11,042] [basehttp.py:157] [basehttp:log_message] [ERROR]- "POST /remove_file HTTP/1.1" 500 145
[2020-10-28 10:29:55,975] [autoreload.py:236] [autoreload:trigger_reload] [INFO]- /Users/fengdong/PycharmProjects/flowpredict000/flowpredict/flow_predict_interface/view.py changed, reloading.
[2020-10-28 10:29:57,802] [autoreload.py:612] [autoreload:run_with_reloader] [INFO]- Watching for file changes with StatReloader
[2020-10-28 10:31:57,769] [autoreload.py:236] [autoreload:trigger_reload] [INFO]- /Users/fengdong/PycharmProjects/flowpredict000/flowpredict/flow_predict_interface/view.py changed, reloading.
[2020-10-28 10:31:58,926] [autoreload.py:612] [autoreload:run_with_reloader] [INFO]- Watching for file changes with StatReloader
[2020-10-28 10:32:35,129] [autoreload.py:612] [autoreload:run_with_reloader] [INFO]- Watching for file changes with StatReloader
[2020-10-28 10:32:46,695] [basehttp.py:157] [basehttp:log_message] [INFO]- "POST /remove_file HTTP/1.1" 200 79320
[2020-10-28 10:34:43,081] [autoreload.py:236] [autoreload:trigger_reload] [INFO]- /Users/fengdong/PycharmProjects/flowpredict000/flowpredict/flow_predict_interface/view.py changed, reloading.
[2020-10-28 10:34:44,376] [autoreload.py:612] [autoreload:run_with_reloader] [INFO]- Watching for file changes with StatReloader
[2020-10-28 10:34:58,231] [basehttp.py:157] [basehttp:log_message] [INFO]- "POST /remove_file HTTP/1.1" 200 79294
[2020-10-28 10:35:10,018] [autoreload.py:612] [autoreload:run_with_reloader] [INFO]- Watching for file changes with StatReloader
[2020-10-28 10:35:19,460] [basehttp.py:157] [basehttp:log_message] [INFO]- "POST /remove_file HTTP/1.1" 200 79294
[2020-10-28 10:35:32,427] [autoreload.py:236] [autoreload:trigger_reload] [INFO]- /Users/fengdong/PycharmProjects/flowpredict000/flowpredict/flow_predict_interface/view.py changed, reloading.
[2020-10-28 10:35:33,533] [autoreload.py:612] [autoreload:run_with_reloader] [INFO]- Watching for file changes with StatReloader
[2020-10-28 10:35:40,169] [basehttp.py:157] [basehttp:log_message] [INFO]- "POST /remove_file HTTP/1.1" 200 79294
[2020-10-28 10:35:58,716] [basehttp.py:157] [basehttp:log_message] [INFO]- "POST /remove_file HTTP/1.1" 200 79294
[2020-10-28 10:35:58,935] [autoreload.py:236] [autoreload:trigger_reload] [INFO]- /Users/fengdong/PycharmProjects/flowpredict000/flowpredict/flow_predict_interface/view.py changed, reloading.
[2020-10-28 10:35:59,596] [autoreload.py:612] [autoreload:run_with_reloader] [INFO]- Watching for file changes with StatReloader
[2020-10-28 10:36:05,745] [basehttp.py:157] [basehttp:log_message] [INFO]- "POST /remove_file HTTP/1.1" 200 79294
[2020-10-28 10:38:16,571] [autoreload.py:612] [autoreload:run_with_reloader] [INFO]- Watching for file changes with StatReloader
[2020-10-28 10:39:54,693] [basehttp.py:157] [basehttp:log_message] [INFO]- "POST /remove_file HTTP/1.1" 200 79294
[2020-10-28 10:41:50,109] [autoreload.py:236] [autoreload:trigger_reload] [INFO]- /Users/fengdong/PycharmProjects/flowpredict000/flowpredict/flow_predict_interface/view.py changed, reloading.
[2020-10-28 10:41:51,220] [autoreload.py:612] [autoreload:run_with_reloader] [INFO]- Watching for file changes with StatReloader
[2020-10-28 10:47:58,728] [autoreload.py:236] [autoreload:trigger_reload] [INFO]- /Users/fengdong/PycharmProjects/flowpredict000/flowpredict/flow_predict_interface/view.py changed, reloading.
[2020-10-28 10:47:59,757] [autoreload.py:612] [autoreload:run_with_reloader] [INFO]- Watching for file changes with StatReloader
[2020-10-28 10:48:35,278] [autoreload.py:236] [autoreload:trigger_reload] [INFO]- /Users/fengdong/PycharmProjects/flowpredict000/flowpredict/flow_predict_interface/view.py changed, reloading.
[2020-10-28 10:48:36,219] [autoreload.py:612] [autoreload:run_with_reloader] [INFO]- Watching for file changes with StatReloader
[2020-10-28 10:49:04,842] [autoreload.py:236] [autoreload:trigger_reload] [INFO]- /Users/fengdong/PycharmProjects/flowpredict000/flowpredict/flow_predict_interface/view.py changed, reloading.
[2020-10-28 10:49:05,886] [autoreload.py:612] [autoreload:run_with_reloader] [INFO]- Watching for file changes with StatReloader
[2020-10-28 10:49:51,380] [autoreload.py:612] [autoreload:run_with_reloader] [INFO]- Watching for file changes with StatReloader
[2020-10-28 10:50:02,383] [view.py:79] [view:get_predict_flow] [ERROR]- [0df7bbcd-8f8c-494b-8d59-6c7ae89aef6e]:[Errno 2] No such file or directory: '/Users/fengdong/PycharmProjects/flowpredict000/flowpredict/static/upload/0df7bbcd-8f8c-494b-8d59-6c7ae89aef6e.csv'
[2020-10-28 10:50:02,386] [basehttp.py:157] [basehttp:log_message] [INFO]- "POST /get_flow HTTP/1.1" 200 66
[2020-10-28 10:50:07,400] [basehttp.py:157] [basehttp:log_message] [INFO]- "POST /upload_file HTTP/1.1" 200 184
[2020-10-28 10:51:28,251] [basehttp.py:157] [basehttp:log_message] [INFO]- "POST /upload_file HTTP/1.1" 200 184
[2020-10-28 10:51:58,117] [autoreload.py:612] [autoreload:run_with_reloader] [INFO]- Watching for file changes with StatReloader
[2020-10-28 10:52:41,591] [view.py:56] [view:get_predict_flow] [INFO]- [6313ac64-881c-4ad8-a93a-20dd45864f71]:请求成功，任务开始启动
[2020-10-28 10:52:41,592] [basehttp.py:157] [basehttp:log_message] [INFO]- "POST /get_flow HTTP/1.1" 200 192
[2020-10-28 10:52:54,904] [basehttp.py:157] [basehttp:log_message] [INFO]- "POST /upload_file HTTP/1.1" 200 184
[2020-10-28 10:53:09,947] [basehttp.py:157] [basehttp:log_message] [INFO]- "POST /get_resu_process HTTP/1.1" 200 86
[2020-10-28 10:53:11,050] [basehttp.py:157] [basehttp:log_message] [INFO]- "POST /get_resu_process HTTP/1.1" 200 86
[2020-10-28 10:53:12,629] [basehttp.py:157] [basehttp:log_message] [INFO]- "POST /get_resu_process HTTP/1.1" 200 86
[2020-10-28 10:53:13,317] [basehttp.py:157] [basehttp:log_message] [INFO]- "POST /get_resu_process HTTP/1.1" 200 86
[2020-10-28 10:53:14,308] [basehttp.py:157] [basehttp:log_message] [INFO]- "POST /get_resu_process HTTP/1.1" 200 86
[2020-10-28 10:53:15,175] [basehttp.py:157] [basehttp:log_message] [INFO]- "POST /get_resu_process HTTP/1.1" 200 86
[2020-10-28 10:53:15,926] [basehttp.py:157] [basehttp:log_message] [INFO]- "POST /get_resu_process HTTP/1.1" 200 86
[2020-10-28 10:53:16,517] [basehttp.py:157] [basehttp:log_message] [INFO]- "POST /get_resu_process HTTP/1.1" 200 86
[2020-10-28 10:53:17,175] [basehttp.py:157] [basehttp:log_message] [INFO]- "POST /get_resu_process HTTP/1.1" 200 86
[2020-10-28 10:53:17,883] [view.py:56] [view:get_predict_flow] [INFO]- [bd04d5b4-9c3a-4813-be8e-245b52bc0f67]:请求成功，任务开始启动
[2020-10-28 10:53:17,887] [basehttp.py:157] [basehttp:log_message] [INFO]- "POST /get_flow HTTP/1.1" 200 192
[2020-10-28 10:53:18,311] [basehttp.py:157] [basehttp:log_message] [INFO]- "POST /get_resu_process HTTP/1.1" 200 84
[2020-10-28 10:53:36,340] [view.py:296] [view:RemoveFile] [INFO]- [['6313ac64-881c-4ad8-a93a-20dd45864f71.csv', '94aad764-5c56-4075-9f22-a5c72f66415e.csv', 'bd04d5b4-9c3a-4813-be8e-245b52bc0f67.csv']
['models', 'temp_files']
['lstm_Y-1YY-MYD云阳双线特大桥LHY-JG-1_hour_bd04d5b4-9c3a-4813-be8e-245b52bc0f67.h5', 'lstm_4HS-惠水雅水LZB-YZ-1_10_min_94aad764-5c56-4075-9f22-a5c72f66415e.h5', 'lstm_1GS-绕城高速上麦村LHB-JS-1_hour_bd04d5b4-9c3a-4813-be8e-245b52bc0f67.h5', 'lstm_4HS-惠水雅水LZB-YZ-1_0_min_94aad764-5c56-4075-9f22-a5c72f66415e.h5', 'lstm_1KY-开阳城关供销社LDB-ZD-2_hour_6313ac64-881c-4ad8-a93a-20dd45864f71.h5', 'lstm_4HS-惠水雅水LZB-YZ-1_13_min_94aad764-5c56-4075-9f22-a5c72f66415e.h5', 'lstm_1KY-开阳城关供销社LDB-ZD-2_hour_6313ac64-881c-4ad8-a93a-20dd45864f71_loss.csv', 'lstm_4HS-惠水雅水LZB-YZ-1_11_min_94aad764-5c56-4075-9f22-a5c72f66415e.h5', 'lstm_Y-1YY-MYD云阳双线特大桥LHY-JG-1_hour_bd04d5b4-9c3a-4813-be8e-245b52bc0f67_loss.csv', 'lstm_4CS-长顺打傍LZB-ZN-3_hour_bd04d5b4-9c3a-4813-be8e-245b52bc0f67_loss.csv', 'lstm_4CS-长顺打傍LZB-ZN-3_hour_bd04d5b4-9c3a-4813-be8e-245b52bc0f67.h5', 'lstm_4HS-惠水雅水LZB-YZ-1_12_min_94aad764-5c56-4075-9f22-a5c72f66415e_loss.csv', 'lstm_8ZS-钟山野马寨电厂蓄煤楼FCHB-ZD-2_hour_6313ac64-881c-4ad8-a93a-20dd45864f71_loss.csv', 'lstm_4HS-惠水雅水LZB-YZ-1_0_min_94aad764-5c56-4075-9f22-a5c72f66415e_loss.csv', 'lstm_4HS-惠水雅水LZB-YZ-1_1_min_94aad764-5c56-4075-9f22-a5c72f66415e_loss.csv', 'lstm_4HS-惠水雅水LZB-YZ-1_13_min_94aad764-5c56-4075-9f22-a5c72f66415e_loss.csv', 'lstm_1GS-绕城高速上麦村LHB-JS-1_hour_bd04d5b4-9c3a-4813-be8e-245b52bc0f67_loss.csv', 'lstm_8ZS-钟山野马寨电厂蓄煤楼FCHB-ZD-2_hour_6313ac64-881c-4ad8-a93a-20dd45864f71.h5', 'lstm_4HS-惠水雅水LZB-YZ-1_1_min_94aad764-5c56-4075-9f22-a5c72f66415e.h5', 'lstm_4HS-惠水雅水LZB-YZ-1_12_min_94aad764-5c56-4075-9f22-a5c72f66415e.h5', 'lstm_4HS-惠水雅水LZB-YZ-1_11_min_94aad764-5c56-4075-9f22-a5c72f66415e_loss.csv', 'lstm_4HS-惠水雅水LZB-YZ-1_10_min_94aad764-5c56-4075-9f22-a5c72f66415e_loss.csv']
['process_bd04d5b4-9c3a-4813-be8e-245b52bc0f67', 'process_0df7bbcd-8f8c-494b-8d59-6c7ae89aef6e', 'process_94aad764-5c56-4075-9f22-a5c72f66415e', 'process_6313ac64-881c-4ad8-a93a-20dd45864f71']]:删除成功
[2020-10-28 10:53:36,343] [basehttp.py:157] [basehttp:log_message] [INFO]- "POST /remove_file HTTP/1.1" 200 2694
[2020-10-28 10:53:48,168] [basehttp.py:157] [basehttp:log_message] [INFO]- "POST /upload_file HTTP/1.1" 200 184
[2020-10-28 10:56:37,756] [autoreload.py:236] [autoreload:trigger_reload] [INFO]- /Users/fengdong/PycharmProjects/flowpredict000/flowpredict/flow_predict_interface/view.py changed, reloading.
[2020-10-28 10:56:39,675] [autoreload.py:612] [autoreload:run_with_reloader] [INFO]- Watching for file changes with StatReloader
[2020-10-28 10:58:02,300] [autoreload.py:236] [autoreload:trigger_reload] [INFO]- /Users/fengdong/PycharmProjects/flowpredict000/flowpredict/flow_predict_interface/urls.py changed, reloading.
[2020-10-28 10:58:03,202] [autoreload.py:612] [autoreload:run_with_reloader] [INFO]- Watching for file changes with StatReloader
[2020-10-28 10:59:55,303] [log.py:230] [log:log_response] [WARNING]- Not Found: /remove_file
[2020-10-28 10:59:55,305] [basehttp.py:157] [basehttp:log_message] [WARNING]- "POST /remove_file HTTP/1.1" 404 179
[2020-10-28 11:00:13,273] [log.py:230] [log:log_response] [WARNING]- Not Found: /remove_file
[2020-10-28 11:00:13,273] [basehttp.py:157] [basehttp:log_message] [WARNING]- "POST /remove_file HTTP/1.1" 404 179
[2020-10-28 11:00:18,811] [view.py:296] [view:RemoveFile] [INFO]- [['57c39c9b-2c57-4f05-b1ce-4752480bf24b.csv']
['models', 'temp_files']
['lstm_4HS-惠水雅水LZB-YZ-1_12_min_57c39c9b-2c57-4f05-b1ce-4752480bf24b_loss.csv', 'lstm_4HS-惠水雅水LZB-YZ-1_0_min_57c39c9b-2c57-4f05-b1ce-4752480bf24b_loss.csv', 'lstm_4HS-惠水雅水LZB-YZ-1_1_min_57c39c9b-2c57-4f05-b1ce-4752480bf24b_loss.csv', 'lstm_4HS-惠水雅水LZB-YZ-1_13_min_57c39c9b-2c57-4f05-b1ce-4752480bf24b_loss.csv', 'lstm_4HS-惠水雅水LZB-YZ-1_11_min_57c39c9b-2c57-4f05-b1ce-4752480bf24b.h5', 'lstm_4HS-惠水雅水LZB-YZ-1_11_min_57c39c9b-2c57-4f05-b1ce-4752480bf24b_loss.csv', 'lstm_4HS-惠水雅水LZB-YZ-1_10_min_57c39c9b-2c57-4f05-b1ce-4752480bf24b_loss.csv', 'lstm_4HS-惠水雅水LZB-YZ-1_14_min_57c39c9b-2c57-4f05-b1ce-4752480bf24b.h5', 'lstm_4HS-惠水雅水LZB-YZ-1_12_min_57c39c9b-2c57-4f05-b1ce-4752480bf24b.h5', 'lstm_4HS-惠水雅水LZB-YZ-1_1_min_57c39c9b-2c57-4f05-b1ce-4752480bf24b.h5', 'lstm_4HS-惠水雅水LZB-YZ-1_15_min_57c39c9b-2c57-4f05-b1ce-4752480bf24b.h5', 'lstm_4HS-惠水雅水LZB-YZ-1_10_min_57c39c9b-2c57-4f05-b1ce-4752480bf24b.h5', 'lstm_4HS-惠水雅水LZB-YZ-1_16_min_57c39c9b-2c57-4f05-b1ce-4752480bf24b_loss.csv', 'lstm_4HS-惠水雅水LZB-YZ-1_14_min_57c39c9b-2c57-4f05-b1ce-4752480bf24b_loss.csv', 'lstm_4HS-惠水雅水LZB-YZ-1_16_min_57c39c9b-2c57-4f05-b1ce-4752480bf24b.h5', 'lstm_4HS-惠水雅水LZB-YZ-1_13_min_57c39c9b-2c57-4f05-b1ce-4752480bf24b.h5', 'lstm_4HS-惠水雅水LZB-YZ-1_0_min_57c39c9b-2c57-4f05-b1ce-4752480bf24b.h5', 'lstm_4HS-惠水雅水LZB-YZ-1_15_min_57c39c9b-2c57-4f05-b1ce-4752480bf24b_loss.csv']
['process_57c39c9b-2c57-4f05-b1ce-4752480bf24b']]:删除成功
[2020-10-28 11:00:18,812] [basehttp.py:157] [basehttp:log_message] [INFO]- "POST /remove_files HTTP/1.1" 200 1910
