[2020-11-05 09:51:05,066] [autoreload.py:612] [autoreload:run_with_reloader] [INFO]- Watching for file changes with StatReloader
[2020-11-05 09:51:12,571] [autoreload.py:612] [autoreload:run_with_reloader] [INFO]- Watching for file changes with StatReloader
[2020-11-05 09:51:34,141] [basehttp.py:157] [basehttp:log_message] [INFO]- "POST /upload_file HTTP/1.1" 200 184
[2020-11-05 09:51:44,501] [view.py:60] [view:get_predict_flow] [INFO]- [4d6febe1-ac88-4cb0-a324-5d73866d0472]:请求成功，任务开始启动
[2020-11-05 09:51:44,538] [basehttp.py:157] [basehttp:log_message] [INFO]- "POST /get_flow HTTP/1.1" 200 192
[2020-11-05 09:52:01,418] [basehttp.py:157] [basehttp:log_message] [INFO]- "POST /get_resu_process HTTP/1.1" 200 86
[2020-11-05 09:52:02,901] [basehttp.py:157] [basehttp:log_message] [INFO]- "POST /get_resu_process HTTP/1.1" 200 86
[2020-11-05 09:52:04,661] [basehttp.py:157] [basehttp:log_message] [INFO]- "POST /get_resu_process HTTP/1.1" 200 86
[2020-11-05 09:52:05,595] [basehttp.py:157] [basehttp:log_message] [INFO]- "POST /get_resu_process HTTP/1.1" 200 86
[2020-11-05 09:52:06,358] [basehttp.py:157] [basehttp:log_message] [INFO]- "POST /get_resu_process HTTP/1.1" 200 86
[2020-11-05 09:52:07,095] [basehttp.py:157] [basehttp:log_message] [INFO]- "POST /get_resu_process HTTP/1.1" 200 86
[2020-11-05 09:52:07,841] [basehttp.py:157] [basehttp:log_message] [INFO]- "POST /get_resu_process HTTP/1.1" 200 86
[2020-11-05 09:52:09,110] [basehttp.py:157] [basehttp:log_message] [INFO]- "POST /get_resu_process HTTP/1.1" 200 86
[2020-11-05 09:52:10,367] [basehttp.py:157] [basehttp:log_message] [INFO]- "POST /get_resu_process HTTP/1.1" 200 86
[2020-11-05 09:52:10,962] [basehttp.py:157] [basehttp:log_message] [INFO]- "POST /get_resu_process HTTP/1.1" 200 86
[2020-11-05 09:52:18,186] [basehttp.py:157] [basehttp:log_message] [INFO]- "POST /get_resu_process HTTP/1.1" 200 86
[2020-11-05 09:52:19,008] [basehttp.py:157] [basehttp:log_message] [INFO]- "POST /get_resu_process HTTP/1.1" 200 99
[2020-11-05 09:52:20,413] [basehttp.py:157] [basehttp:log_message] [INFO]- "POST /get_resu_process HTTP/1.1" 200 99
[2020-11-05 09:52:21,192] [basehttp.py:157] [basehttp:log_message] [INFO]- "POST /get_resu_process HTTP/1.1" 200 99
[2020-11-05 09:52:21,776] [basehttp.py:157] [basehttp:log_message] [INFO]- "POST /get_resu_process HTTP/1.1" 200 99
[2020-11-05 09:52:22,438] [basehttp.py:157] [basehttp:log_message] [INFO]- "POST /get_resu_process HTTP/1.1" 200 99
[2020-11-05 09:52:24,010] [basehttp.py:157] [basehttp:log_message] [INFO]- "POST /get_resu_process HTTP/1.1" 200 99
[2020-11-05 09:53:11,468] [basehttp.py:157] [basehttp:log_message] [INFO]- "POST /upload_file HTTP/1.1" 200 184
[2020-11-05 09:53:22,474] [view.py:60] [view:get_predict_flow] [INFO]- [d04b8dd9-9851-4fb8-a9a1-98718c759948]:请求成功，任务开始启动
[2020-11-05 09:53:22,523] [basehttp.py:157] [basehttp:log_message] [INFO]- "POST /get_flow HTTP/1.1" 200 192
[2020-11-05 09:53:30,689] [basehttp.py:157] [basehttp:log_message] [INFO]- "POST /get_resu_process HTTP/1.1" 200 82
[2020-11-05 09:53:32,392] [basehttp.py:157] [basehttp:log_message] [INFO]- "POST /get_resu_process HTTP/1.1" 200 82
[2020-11-05 09:53:36,136] [basehttp.py:157] [basehttp:log_message] [INFO]- "POST /get_resu_process HTTP/1.1" 200 85
[2020-11-05 09:53:37,137] [basehttp.py:157] [basehttp:log_message] [INFO]- "POST /get_resu_process HTTP/1.1" 200 85
[2020-11-05 09:53:40,543] [view.py:60] [view:get_predict_flow] [INFO]- [d04b8dd9-9851-4fb8-a9a1-98718c759948]:请求成功，任务开始启动
[2020-11-05 09:53:40,589] [basehttp.py:157] [basehttp:log_message] [INFO]- "POST /get_flow HTTP/1.1" 200 192
[2020-11-05 09:53:44,321] [basehttp.py:157] [basehttp:log_message] [INFO]- "POST /get_resu_process HTTP/1.1" 200 82
[2020-11-05 09:53:45,261] [basehttp.py:157] [basehttp:log_message] [INFO]- "POST /get_resu_process HTTP/1.1" 200 82
[2020-11-05 09:53:46,508] [basehttp.py:157] [basehttp:log_message] [INFO]- "POST /get_resu_process HTTP/1.1" 200 82
[2020-11-05 09:54:10,523] [basehttp.py:157] [basehttp:log_message] [INFO]- "POST /get_resu_process HTTP/1.1" 200 85
[2020-11-05 09:57:47,020] [autoreload.py:236] [autoreload:trigger_reload] [INFO]- /Users/fengdong/PycharmProjects/flowpredict000/flowpredict/flow_predict_interface/core/predict_day.py changed, reloading.
[2020-11-05 10:00:45,459] [autoreload.py:612] [autoreload:run_with_reloader] [INFO]- Watching for file changes with StatReloader
[2020-11-05 10:01:03,485] [basehttp.py:157] [basehttp:log_message] [INFO]- "POST /upload_file HTTP/1.1" 200 184
[2020-11-05 10:01:13,234] [view.py:60] [view:get_predict_flow] [INFO]- [a9b3531a-343a-49e8-b26f-c18933d067a0]:请求成功，任务开始启动
[2020-11-05 10:01:13,268] [basehttp.py:157] [basehttp:log_message] [INFO]- "POST /get_flow HTTP/1.1" 200 192
[2020-11-05 10:01:19,068] [basehttp.py:157] [basehttp:log_message] [INFO]- "POST /get_resu_process HTTP/1.1" 200 82
[2020-11-05 10:01:21,848] [basehttp.py:157] [basehttp:log_message] [INFO]- "POST /get_resu_process HTTP/1.1" 200 82
[2020-11-05 10:01:22,904] [basehttp.py:157] [basehttp:log_message] [INFO]- "POST /get_resu_process HTTP/1.1" 200 82
[2020-11-05 10:01:24,554] [basehttp.py:157] [basehttp:log_message] [INFO]- "POST /get_resu_process HTTP/1.1" 200 82
[2020-11-05 10:01:25,613] [basehttp.py:157] [basehttp:log_message] [INFO]- "POST /get_resu_process HTTP/1.1" 200 82
[2020-11-05 10:01:27,398] [basehttp.py:157] [basehttp:log_message] [INFO]- "POST /get_resu_process HTTP/1.1" 200 85
[2020-11-05 10:01:28,414] [basehttp.py:157] [basehttp:log_message] [INFO]- "POST /get_resu_process HTTP/1.1" 200 85
[2020-11-05 10:01:28,921] [basehttp.py:157] [basehttp:log_message] [INFO]- "POST /get_resu_process HTTP/1.1" 200 85
[2020-11-05 10:01:37,879] [basehttp.py:157] [basehttp:log_message] [INFO]- "POST /upload_file HTTP/1.1" 200 184
[2020-11-05 10:01:49,812] [view.py:60] [view:get_predict_flow] [INFO]- [d5e70062-4d1e-46ca-948f-3c934818ea1f]:请求成功，任务开始启动
[2020-11-05 10:01:49,855] [basehttp.py:157] [basehttp:log_message] [INFO]- "POST /get_flow HTTP/1.1" 200 192
[2020-11-05 10:02:01,261] [basehttp.py:157] [basehttp:log_message] [INFO]- "POST /get_resu_process HTTP/1.1" 200 82
[2020-11-05 10:02:06,705] [view.py:60] [view:get_predict_flow] [INFO]- [d5e70062-4d1e-46ca-948f-3c934818ea1f]:请求成功，任务开始启动
[2020-11-05 10:02:06,761] [basehttp.py:157] [basehttp:log_message] [INFO]- "POST /get_flow HTTP/1.1" 200 192
[2020-11-05 10:02:10,779] [basehttp.py:157] [basehttp:log_message] [INFO]- "POST /get_resu_process HTTP/1.1" 200 82
[2020-11-05 10:02:11,801] [basehttp.py:157] [basehttp:log_message] [INFO]- "POST /get_resu_process HTTP/1.1" 200 82
[2020-11-05 10:02:12,364] [basehttp.py:157] [basehttp:log_message] [INFO]- "POST /get_resu_process HTTP/1.1" 200 82
[2020-11-05 10:02:13,287] [basehttp.py:157] [basehttp:log_message] [INFO]- "POST /get_resu_process HTTP/1.1" 200 82
[2020-11-05 10:02:17,840] [basehttp.py:157] [basehttp:log_message] [INFO]- "POST /get_resu_process HTTP/1.1" 200 86
[2020-11-05 10:02:18,811] [basehttp.py:157] [basehttp:log_message] [INFO]- "POST /get_resu_process HTTP/1.1" 200 86
[2020-11-05 10:02:19,425] [basehttp.py:157] [basehttp:log_message] [INFO]- "POST /get_resu_process HTTP/1.1" 200 86
[2020-11-05 10:02:32,458] [basehttp.py:157] [basehttp:log_message] [INFO]- "POST /upload_file HTTP/1.1" 200 184
[2020-11-05 10:02:43,531] [view.py:60] [view:get_predict_flow] [INFO]- [ac54fd45-65b9-4384-9beb-6d7a4efdee39]:请求成功，任务开始启动
[2020-11-05 10:02:43,600] [basehttp.py:157] [basehttp:log_message] [INFO]- "POST /get_flow HTTP/1.1" 200 192
[2020-11-05 10:02:51,743] [view.py:60] [view:get_predict_flow] [INFO]- [ac54fd45-65b9-4384-9beb-6d7a4efdee39]:请求成功，任务开始启动
[2020-11-05 10:02:51,824] [basehttp.py:157] [basehttp:log_message] [INFO]- "POST /get_flow HTTP/1.1" 200 192
[2020-11-05 10:02:53,811] [view.py:60] [view:get_predict_flow] [INFO]- [ac54fd45-65b9-4384-9beb-6d7a4efdee39]:请求成功，任务开始启动
[2020-11-05 10:02:53,896] [basehttp.py:157] [basehttp:log_message] [INFO]- "POST /get_flow HTTP/1.1" 200 192
[2020-11-05 10:03:01,968] [basehttp.py:157] [basehttp:log_message] [INFO]- "POST /get_resu_process HTTP/1.1" 200 86
[2020-11-05 10:03:03,207] [basehttp.py:157] [basehttp:log_message] [INFO]- "POST /get_resu_process HTTP/1.1" 200 86
[2020-11-05 10:03:06,496] [basehttp.py:157] [basehttp:log_message] [INFO]- "POST /get_resu_process HTTP/1.1" 200 86
[2020-11-05 10:03:07,994] [basehttp.py:157] [basehttp:log_message] [INFO]- "POST /get_resu_process HTTP/1.1" 200 86
[2020-11-05 10:03:15,464] [basehttp.py:157] [basehttp:log_message] [INFO]- "POST /get_resu_process HTTP/1.1" 200 86
[2020-11-05 10:03:16,491] [basehttp.py:157] [basehttp:log_message] [INFO]- "POST /get_resu_process HTTP/1.1" 200 86
[2020-11-05 10:03:24,029] [basehttp.py:157] [basehttp:log_message] [INFO]- "POST /get_resu_process HTTP/1.1" 200 85
[2020-11-05 10:03:25,138] [basehttp.py:157] [basehttp:log_message] [INFO]- "POST /get_resu_process HTTP/1.1" 200 85
[2020-11-05 10:03:26,114] [basehttp.py:157] [basehttp:log_message] [INFO]- "POST /get_resu_process HTTP/1.1" 200 85
[2020-11-05 10:03:27,533] [basehttp.py:157] [basehttp:log_message] [INFO]- "POST /get_resu_process HTTP/1.1" 200 85
[2020-11-05 10:03:28,513] [basehttp.py:157] [basehttp:log_message] [INFO]- "POST /get_resu_process HTTP/1.1" 200 85
[2020-11-05 10:03:41,292] [basehttp.py:157] [basehttp:log_message] [INFO]- "POST /get_resu_process HTTP/1.1" 200 81
[2020-11-05 10:03:42,673] [basehttp.py:157] [basehttp:log_message] [INFO]- "POST /get_resu_process HTTP/1.1" 200 81
[2020-11-05 10:03:43,075] [basehttp.py:157] [basehttp:log_message] [INFO]- "POST /get_resu_process HTTP/1.1" 200 81
[2020-11-05 10:03:54,031] [view.py:60] [view:get_predict_flow] [INFO]- [ac54fd45-65b9-4384-9beb-6d7a4efdee39]:请求成功，任务开始启动
[2020-11-05 10:03:54,098] [basehttp.py:157] [basehttp:log_message] [INFO]- "POST /get_flow HTTP/1.1" 200 192
[2020-11-05 10:03:57,832] [basehttp.py:157] [basehttp:log_message] [INFO]- "POST /get_resu_process HTTP/1.1" 200 81
