[2020-09-27 09:55:44,295] [view.py:39] [view:get_predict_flow] [INFO]- [bf914b6b-4206-4de1-97fb-728fc9a2aa55]:请求成功，任务开始启动
[2020-09-27 13:58:09,841] [view.py:80] [view:get_predict_flow] [ERROR]- [742a7d5d-e50f-40a5-914a-7b54961a6574]:'city'
[2020-09-27 13:58:21,468] [view.py:80] [view:get_predict_flow] [ERROR]- [742a7d5d-e50f-40a5-914a-7b54961a6574]:'city'
[2020-09-27 13:59:33,592] [view.py:80] [view:get_predict_flow] [ERROR]- [742a7d5d-e50f-40a5-914a-7b54961a6574]:'city'
[2020-09-27 14:00:24,311] [view.py:80] [view:get_predict_flow] [ERROR]- [742a7d5d-e50f-40a5-914a-7b54961a6574]:'city'
[2020-09-27 14:03:04,618] [view.py:81] [view:get_predict_flow] [ERROR]- [742a7d5d-e50f-40a5-914a-7b54961a6574]:'city'
[2020-09-27 14:03:15,962] [view.py:81] [view:get_predict_flow] [ERROR]- [742a7d5d-e50f-40a5-914a-7b54961a6574]:'city'
[2020-09-27 14:03:22,838] [view.py:82] [view:get_predict_flow] [ERROR]- [742a7d5d-e50f-40a5-914a-7b54961a6574]:'city'
[2020-09-27 14:03:25,196] [view.py:82] [view:get_predict_flow] [ERROR]- [742a7d5d-e50f-40a5-914a-7b54961a6574]:'city'
[2020-09-27 14:03:26,146] [view.py:82] [view:get_predict_flow] [ERROR]- [742a7d5d-e50f-40a5-914a-7b54961a6574]:'city'
[2020-09-27 14:04:48,241] [view.py:82] [view:get_predict_flow] [ERROR]- [742a7d5d-e50f-40a5-914a-7b54961a6574]:'city'
[2020-09-27 14:04:50,385] [view.py:82] [view:get_predict_flow] [ERROR]- [742a7d5d-e50f-40a5-914a-7b54961a6574]:'city'
[2020-09-27 14:05:13,852] [view.py:82] [view:get_predict_flow] [ERROR]- [742a7d5d-e50f-40a5-914a-7b54961a6574]:decoding str is not supported
[2020-09-27 14:05:43,215] [view.py:82] [view:get_predict_flow] [ERROR]- [742a7d5d-e50f-40a5-914a-7b54961a6574]:decoding str is not supported
[2020-09-27 14:05:51,145] [view.py:82] [view:get_predict_flow] [ERROR]- [742a7d5d-e50f-40a5-914a-7b54961a6574]:'city'
[2020-09-27 14:07:24,010] [view.py:82] [view:get_predict_flow] [ERROR]- [742a7d5d-e50f-40a5-914a-7b54961a6574]:'city'
[2020-09-27 14:09:10,439] [view.py:82] [view:get_predict_flow] [ERROR]- [742a7d5d-e50f-40a5-914a-7b54961a6574]:'city'
[2020-09-27 14:11:12,068] [view.py:82] [view:get_predict_flow] [ERROR]- [adb036ad-027b-42e2-87ee-62bfe0abe342]:header must be integer or list of integers
[2020-09-27 14:12:05,164] [view.py:57] [view:get_predict_flow] [INFO]- [adb036ad-027b-42e2-87ee-62bfe0abe342]:请求成功，任务开始启动
[2020-09-27 14:14:21,455] [view.py:57] [view:get_predict_flow] [INFO]- [adb036ad-027b-42e2-87ee-62bfe0abe342]:请求成功，任务开始启动
[2020-09-27 14:16:39,560] [view.py:82] [view:get_predict_flow] [ERROR]- [adb036ad-027b-42e2-87ee-62bfe0abe342]:name 'model_path' is not defined
[2020-09-27 14:27:14,955] [view.py:82] [view:get_predict_flow] [ERROR]- [adb036ad-027b-42e2-87ee-62bfe0abe342]:name 'model' is not defined
[2020-09-27 14:33:12,193] [view.py:82] [view:get_predict_flow] [ERROR]- [adb036ad-027b-42e2-87ee-62bfe0abe342]:local variable 'pare_hour_datas' referenced before assignment
[2020-09-27 14:37:00,871] [view.py:57] [view:get_predict_flow] [INFO]- [adb036ad-027b-42e2-87ee-62bfe0abe342]:请求成功，任务开始启动
[2020-09-27 14:41:14,981] [view.py:57] [view:get_predict_flow] [INFO]- [adb036ad-027b-42e2-87ee-62bfe0abe342]:请求成功，任务开始启动
[2020-09-27 14:45:45,049] [view.py:57] [view:get_predict_flow] [INFO]- [adb036ad-027b-42e2-87ee-62bfe0abe342]:请求成功，任务开始启动
[2020-09-27 14:49:50,312] [view.py:57] [view:get_predict_flow] [INFO]- [adb036ad-027b-42e2-87ee-62bfe0abe342]:请求成功，任务开始启动
[2020-09-27 15:10:37,237] [view.py:82] [view:get_predict_flow] [ERROR]- [adb036ad-027b-42e2-87ee-62bfe0abe342]:too many indices for array
[2020-09-27 15:17:08,420] [view.py:82] [view:get_predict_flow] [ERROR]- [adb036ad-027b-42e2-87ee-62bfe0abe342]:too many indices for array
[2020-09-27 15:18:59,301] [view.py:82] [view:get_predict_flow] [ERROR]- [adb036ad-027b-42e2-87ee-62bfe0abe342]:too many indices for array
[2020-09-27 15:19:42,102] [view.py:82] [view:get_predict_flow] [ERROR]- [adb036ad-027b-42e2-87ee-62bfe0abe342]:too many indices for array
[2020-09-27 15:26:42,490] [view.py:57] [view:get_predict_flow] [INFO]- [21dcb051-80ef-4bdb-ba20-424e9c5e1b61]:请求成功，任务开始启动
[2020-09-27 15:27:34,228] [view.py:57] [view:get_predict_flow] [INFO]- [21dcb051-80ef-4bdb-ba20-424e9c5e1b61]:请求成功，任务开始启动
[2020-09-27 15:32:42,986] [view.py:57] [view:get_predict_flow] [INFO]- [21dcb051-80ef-4bdb-ba20-424e9c5e1b61]:请求成功，任务开始启动
[2020-09-27 15:33:30,966] [view.py:57] [view:get_predict_flow] [INFO]- [21dcb051-80ef-4bdb-ba20-424e9c5e1b61]:请求成功，任务开始启动
[2020-09-27 15:35:42,461] [view.py:57] [view:get_predict_flow] [INFO]- [21dcb051-80ef-4bdb-ba20-424e9c5e1b61]:请求成功，任务开始启动
[2020-09-27 15:36:45,930] [view.py:57] [view:get_predict_flow] [INFO]- [21dcb051-80ef-4bdb-ba20-424e9c5e1b61]:请求成功，任务开始启动
[2020-09-27 15:37:42,787] [view.py:57] [view:get_predict_flow] [INFO]- [21dcb051-80ef-4bdb-ba20-424e9c5e1b61]:请求成功，任务开始启动
[2020-09-27 15:39:19,820] [view.py:57] [view:get_predict_flow] [INFO]- [21dcb051-80ef-4bdb-ba20-424e9c5e1b61]:请求成功，任务开始启动
[2020-09-27 15:41:13,198] [view.py:57] [view:get_predict_flow] [INFO]- [21dcb051-80ef-4bdb-ba20-424e9c5e1b61]:请求成功，任务开始启动
[2020-09-27 16:12:03,690] [view.py:57] [view:get_predict_flow] [INFO]- [21dcb051-80ef-4bdb-ba20-424e9c5e1b61]:请求成功，任务开始启动
[2020-09-27 16:15:23,687] [view.py:57] [view:get_predict_flow] [INFO]- [21dcb051-80ef-4bdb-ba20-424e9c5e1b61]:请求成功，任务开始启动
[2020-09-27 16:17:39,941] [view.py:57] [view:get_predict_flow] [INFO]- [21dcb051-80ef-4bdb-ba20-424e9c5e1b61]:请求成功，任务开始启动
[2020-09-27 16:26:54,956] [view.py:57] [view:get_predict_flow] [INFO]- [21dcb051-80ef-4bdb-ba20-424e9c5e1b61]:请求成功，任务开始启动
[2020-09-27 16:29:30,204] [view.py:57] [view:get_predict_flow] [INFO]- [21dcb051-80ef-4bdb-ba20-424e9c5e1b61]:请求成功，任务开始启动
[2020-09-27 16:30:26,888] [view.py:57] [view:get_predict_flow] [INFO]- [21dcb051-80ef-4bdb-ba20-424e9c5e1b61]:请求成功，任务开始启动
[2020-09-27 16:33:17,869] [view.py:57] [view:get_predict_flow] [INFO]- [21dcb051-80ef-4bdb-ba20-424e9c5e1b61]:请求成功，任务开始启动
[2020-09-27 16:49:05,487] [view.py:57] [view:get_predict_flow] [INFO]- [21dcb051-80ef-4bdb-ba20-424e9c5e1b61]:请求成功，任务开始启动
[2020-09-27 17:19:00,920] [view.py:57] [view:get_predict_flow] [INFO]- [21dcb051-80ef-4bdb-ba20-424e9c5e1b61]:请求成功，任务开始启动
[2020-09-27 17:22:30,969] [view.py:57] [view:get_predict_flow] [INFO]- [21dcb051-80ef-4bdb-ba20-424e9c5e1b61]:请求成功，任务开始启动
